--- [SYSTEM] PACK: 'fix-gdm' (*.orig.tar.xz)
File '*.orig.tar.*' not found! Creating...
File 'fix-gdm_1.0.0.orig.tar.xz' created!
--- [SYSTEM] BUILD: 'github.com/unixstore/debian-fix-gdm.git'
dpkg-source: info: using source format '3.0 (quilt)'
dpkg-source: info: building fix-gdm using existing ./fix-gdm_1.0.0.orig.tar.xz
dpkg-source: warning: ignoring deletion of directory gdm.service.d
dpkg-source: warning: ignoring deletion of file gdm.service.d/fix-black-screen.conf, use --include-removal to override
dpkg-source: info: building fix-gdm in fix-gdm_1.0.0-2.debian.tar.xz
dpkg-source: info: building fix-gdm in fix-gdm_1.0.0-2.dsc
File 'fix-gdm_1.0.0-2.dsc' found!
Build completed!
--- [SYSTEM] MOVE: '/root/git/src' -> '/root/git/dst'
Removing old files from repository...
removed '/root/git/dst/LICENSE'
removed '/root/git/dst/README.md'
removed '/root/git/dst/_meta'
removed '/root/git/dst/_service'
removed '/root/git/dst/build.log'
removed '/root/git/dst/fix-gdm_1.0.0-2.debian.tar.xz'
removed '/root/git/dst/fix-gdm_1.0.0-2.dsc'
removed '/root/git/dst/fix-gdm_1.0.0.orig.tar.xz'
removed '/root/git/dst/fix-gdm_1.0.0.orig.tar.xz.sha256'
Moving new files to repository...
renamed '/root/git/src/_service' -> '/root/git/dst/_service'
renamed '/root/git/src/_meta' -> '/root/git/dst/_meta'
renamed '/root/git/src/README.md' -> '/root/git/dst/README.md'
renamed '/root/git/src/LICENSE' -> '/root/git/dst/LICENSE'
renamed '/root/git/src/fix-gdm_1.0.0-2.debian.tar.xz' -> '/root/git/dst/fix-gdm_1.0.0-2.debian.tar.xz'
renamed '/root/git/src/fix-gdm_1.0.0.orig.tar.xz' -> '/root/git/dst/fix-gdm_1.0.0.orig.tar.xz'
renamed '/root/git/src/fix-gdm_1.0.0-2.dsc' -> '/root/git/dst/fix-gdm_1.0.0-2.dsc'
renamed '/root/git/src/build.log' -> '/root/git/dst/build.log'
